<?xml version="1.0" encoding="UTF-8" ?>
<testsuite tests="31" failures="0" name="testRunner.TestRunner" time="5.251" errors="0" skipped="0">
  <properties>
[...]
</properties>
  <testcase classname="Verify EndToEnd API #1" name="AddPlace Request Payload with &quot;(+91) 999 999 9999&quot;" time="0.637"/>
  <testcase classname="Verify EndToEnd API #1" name="User hits &quot;AddPlace&quot; API with &quot;POST&quot; http request" time="1.173"/>
  <testcase classname="Verify EndToEnd API #1" name="API call response with status code 200" time="0.02"/>
  <testcase classname="Verify EndToEnd API #1" name="Validate Response Payload &quot;status&quot; is &quot;OK&quot;" time="0.672"/>
  <testcase classname="Verify EndToEnd API #1" name="Get Response Payload &quot;place_id&quot; value" time="0.014"/>
  <testcase classname="Verify EndToEnd API #1" name="DeletePlace Request Payload" time="0.001"/>
  <testcase classname="Verify EndToEnd API #1" name="User hits &quot;DeletePlace&quot; API with &quot;delete&quot; http request" time="0.682"/>
  <testcase classname="Verify EndToEnd API #1" name="API call response with status code 200" time="0.001"/>
  <testcase classname="Verify EndToEnd API #1" name="Validate Response Payload &quot;status&quot; is &quot;OK&quot;" time="0.009"/>
  <testcase classname="Verify EndToEnd API #1" name="Verify EndToEnd API #1" time="0.014"/>
  <testcase classname="Verify EndToEnd API #2" name="AddPlace Request Payload with &quot;(+91) 111 111 1111&quot;" time="0.001"/>
  <testcase classname="Verify EndToEnd API #2" name="User hits &quot;AddPlace&quot; API with &quot;POST&quot; http request" time="0.186"/>
  <testcase classname="Verify EndToEnd API #2" name="API call response with status code 200" time="0.001"/>
  <testcase classname="Verify EndToEnd API #2" name="Validate Response Payload &quot;status&quot; is &quot;OK&quot;" time="0.011"/>
  <testcase classname="Verify EndToEnd API #2" name="Get Response Payload &quot;place_id&quot; value" time="0.008"/>
  <testcase classname="Verify EndToEnd API #2" name="DeletePlace Request Payload" time="0.001"/>
  <testcase classname="Verify EndToEnd API #2" name="User hits &quot;DeletePlace&quot; API with &quot;delete&quot; http request" time="0.518"/>
  <testcase classname="Verify EndToEnd API #2" name="API call response with status code 200" time="0.001"/>
  <testcase classname="Verify EndToEnd API #2" name="Validate Response Payload &quot;status&quot; is &quot;OK&quot;" time="0.009"/>
  <testcase classname="Verify EndToEnd API #2" name="Verify EndToEnd API #2" time="0.01"/>
  <testcase classname="Verify DeletePlace API" name="DeletePlace Request Payload" time="0.001"/>
  <testcase classname="Verify DeletePlace API" name="User hits &quot;DeletePlace&quot; API with &quot;delete&quot; http request" time="0.508"/>
  <testcase classname="Verify DeletePlace API" name="API call response with status code 200" time="0.002"/>
  <testcase classname="Verify DeletePlace API" name="Validate Response Payload &quot;status&quot; is &quot;OK&quot;" time="0.01"/>
  <testcase classname="Verify DeletePlace API" name="Verify DeletePlace API" time="0.01"/>
  <testcase classname="Verify AddPlace API" name="AddPlace Request Payload with &quot;(+91) 999 999 9999&quot;" time="0"/>
  <testcase classname="Verify AddPlace API" name="User hits &quot;AddPlace&quot; API with &quot;POST&quot; http request" time="0.203"/>
  <testcase classname="Verify AddPlace API" name="API call response with status code 200" time="0.001"/>
  <testcase classname="Verify AddPlace API" name="Validate Response Payload &quot;status&quot; is &quot;OK&quot;" time="0.007"/>
  <testcase classname="Verify AddPlace API" name="Get Response Payload &quot;place_id&quot; value" time="0.008"/>
  <testcase classname="Verify AddPlace API" name="Verify AddPlace API" time="0.532"/>
</testsuite>